<?xml version="1.0" encoding="UTF-8"?>
<testsuite name="NetologyTesting" tests="2" skipped="0" failures="0" errors="0" timestamp="2023-10-04T21:20:01" hostname="LAPTOP-I27NE0OC" time="0.053">
  <properties/>
  <testcase name="[1] ABBCCCDD, 2, true" classname="NetologyTesting" time="0.044"/>
  <testcase name="[2] ABBCCCDD, 3, false" classname="NetologyTesting" time="0.002"/>
  <system-out><![CDATA[РќР°С‡РёРЅР°РµРј С‚РµСЃС‚РёСЂРѕРІР°РЅРёРµ РєРѕРґР°
Tesing is finished. Bye!
]]></system-out>
  <system-err><![CDATA[]]></system-err>
</testsuite>
